<?xml version="1.0" encoding="UTF-8"?>
<!-- Generated by org.testng.reporters.JUnitReportReporter -->
<testsuite hostname="LTIN192441" failures="0" tests="8" name="testCases.TC_01_Travel" time="71.118" errors="0" timestamp="2024-03-08T09:59:53 IST" skipped="0">
  <testcase classname="testCases.TC_01_Travel" name="travelCheck" time="38.006"/>
  <system-out/>
  <testcase classname="testCases.TC_01_Travel" name="countryCheck" time="2.135"/>
  <system-out/>
  <testcase classname="testCases.TC_01_Travel" name="dateCheck" time="1.582"/>
  <system-out/>
  <testcase classname="testCases.TC_01_Travel" name="ageCheck" time="2.299"/>
  <system-out/>
  <testcase classname="testCases.TC_01_Travel" name="medicalCheck" time="0.775"/>
  <system-out/>
  <testcase classname="testCases.TC_01_Travel" name="mobileCheck" time="12.541"/>
  <system-out/>
  <testcase classname="testCases.TC_01_Travel" name="travellerCheck" time="2.405"/>
  <system-out/>
  <testcase classname="testCases.TC_01_Travel" name="planCheck" time="11.375"/>
  <system-out/>
</testsuite> <!-- testCases.TC_01_Travel -->
