<?xml version="1.0" encoding="UTF-8"?>
<!-- Generated by org.testng.reporters.JUnitReportReporter -->
<testsuite hostname="LTIN192441" failures="0" tests="2" name="testCases.TC_03_Health" time="3.829" errors="0" timestamp="2024-03-08T09:59:53 IST" skipped="0">
  <testcase classname="testCases.TC_03_Health" name="healthCheck" time="2.292"/>
  <system-out/>
  <testcase classname="testCases.TC_03_Health" name="menuItemsCheck" time="1.537"/>
  <system-out/>
</testsuite> <!-- testCases.TC_03_Health -->
