<?xml version="1.0" encoding="UTF-8"?>
<!-- Generated by org.testng.reporters.JUnitReportReporter -->
<testsuite hostname="LTIN192441" failures="0" tests="10" name="testCases.TC_02_Car" time="18.985" errors="0" timestamp="2024-03-08T09:59:53 IST" skipped="0">
  <testcase classname="testCases.TC_02_Car" name="carCheck" time="0.482"/>
  <system-out/>
  <testcase classname="testCases.TC_02_Car" name="newCarCheck" time="3.176"/>
  <system-out/>
  <testcase classname="testCases.TC_02_Car" name="cityCheck" time="0.407"/>
  <system-out/>
  <testcase classname="testCases.TC_02_Car" name="vehicleCheck" time="0.321"/>
  <system-out/>
  <testcase classname="testCases.TC_02_Car" name="brandCheck" time="0.289"/>
  <system-out/>
  <testcase classname="testCases.TC_02_Car" name="modelCheck" time="0.254"/>
  <system-out/>
  <testcase classname="testCases.TC_02_Car" name="fuelCheck" time="0.307"/>
  <system-out/>
  <testcase classname="testCases.TC_02_Car" name="nameCheck" time="0.377"/>
  <system-out/>
  <testcase classname="testCases.TC_02_Car" name="emailCheck" time="10.256"/>
  <system-out/>
  <testcase classname="testCases.TC_02_Car" name="mobileCheck" time="3.116"/>
  <system-out/>
</testsuite> <!-- testCases.TC_02_Car -->
