<?xml version="1.0" encoding="UTF-8"?>
<!-- Generated by org.testng.reporters.JUnitReportReporter -->
<testsuite hostname="LTIN192441" failures="0" tests="2" name="testCases.TC_03_Health" time="3.680" errors="0" timestamp="2024-02-28T12:59:44 IST" skipped="0">
  <testcase classname="testCases.TC_03_Health" name="healthCheck" time="2.460"/>
  <testcase classname="testCases.TC_03_Health" name="menuItemsCheck" time="1.220"/>
</testsuite> <!-- testCases.TC_03_Health -->
