<?xml version="1.0" encoding="UTF-8"?>
<!-- Generated by org.testng.reporters.JUnitReportReporter -->
<testsuite hostname="LTIN192441" failures="0" tests="8" name="testCases.TC_01_Travel" time="71.668" errors="0" timestamp="2024-02-28T12:59:44 IST" skipped="0">
  <testcase classname="testCases.TC_01_Travel" name="travelCheck" time="2.397"/>
  <testcase classname="testCases.TC_01_Travel" name="countryCheck" time="3.493"/>
  <testcase classname="testCases.TC_01_Travel" name="dateCheck" time="1.005"/>
  <testcase classname="testCases.TC_01_Travel" name="ageCheck" time="1.261"/>
  <testcase classname="testCases.TC_01_Travel" name="medicalCheck" time="0.335"/>
  <testcase classname="testCases.TC_01_Travel" name="mobileCheck" time="20.965"/>
  <testcase classname="testCases.TC_01_Travel" name="travellerCheck" time="30.431"/>
  <testcase classname="testCases.TC_01_Travel" name="planCheck" time="11.781"/>
</testsuite> <!-- testCases.TC_01_Travel -->
