<?xml version="1.0" encoding="UTF-8"?>
<!-- Generated by org.testng.reporters.JUnitReportReporter -->
<testsuite hostname="LTIN192441" failures="0" tests="10" name="testCases.TC_02_Car" time="10.837" errors="0" timestamp="2024-02-28T12:59:44 IST" skipped="0">
  <testcase classname="testCases.TC_02_Car" name="carCheck" time="0.250"/>
  <testcase classname="testCases.TC_02_Car" name="newCarCheck" time="7.149"/>
  <testcase classname="testCases.TC_02_Car" name="cityCheck" time="0.164"/>
  <testcase classname="testCases.TC_02_Car" name="vehicleCheck" time="0.172"/>
  <testcase classname="testCases.TC_02_Car" name="brandCheck" time="0.286"/>
  <testcase classname="testCases.TC_02_Car" name="modelCheck" time="0.255"/>
  <testcase classname="testCases.TC_02_Car" name="fuelCheck" time="0.254"/>
  <testcase classname="testCases.TC_02_Car" name="nameCheck" time="0.378"/>
  <testcase classname="testCases.TC_02_Car" name="emailCheck" time="0.309"/>
  <testcase classname="testCases.TC_02_Car" name="mobileCheck" time="1.620"/>
</testsuite> <!-- testCases.TC_02_Car -->
